<?xml version="1.0" encoding="UTF-8"?>
<!-- Generated by org.testng.reporters.JUnitXMLReporter -->
<testsuite ignored="0" hostname="vivobook-asuslaptop-x512flc-x512fl" failures="0" tests="6" name="Default test" time="95.817" errors="0" timestamp="2024-01-05T15:38:43 IST">
  <testcase classname="com.test.apollo6_Sanity.Testing" name="login" time="7.652"/>
  <testcase classname="com.test.apollo6_Sanity.Testing" name="series_set" time="15.492"/>
  <testcase classname="com.test.apollo6_Sanity.Testing" name="HD" time="18.949"/>
  <testcase classname="com.test.apollo6_Sanity.Testing" name="Atlas_Editor" time="17.125"/>
  <testcase classname="com.test.apollo6_Sanity.Testing" name="Cell_annotation" time="16.924"/>
  <testcase classname="com.test.apollo6_Sanity.Testing" name="Manual_Registration" time="18.088"/>
</testsuite> <!-- Default test -->
