<?xml version="1.0" encoding="UTF-8"?>
<!-- Generated by org.testng.reporters.JUnitXMLReporter -->
<testsuite ignored="0" hostname="vivobook-asuslaptop-x512flc-x512fl" failures="0" tests="6" name="Default test" time="176.604" errors="0" timestamp="2024-02-26T09:41:13 IST">
  <testcase classname="com.test.apollo6_Sanity.Testing" name="login" time="9.106"/>
  <testcase classname="com.test.apollo6_Sanity.Testing" name="series_set" time="17.817"/>
  <testcase classname="com.test.apollo6_Sanity.Testing" name="HD" time="80.738"/>
  <testcase classname="com.test.apollo6_Sanity.Testing" name="Atlas_Editor" time="15.632"/>
  <testcase classname="com.test.apollo6_Sanity.Testing" name="Cell_annotation" time="30.936"/>
  <testcase classname="com.test.apollo6_Sanity.Testing" name="Manual_Registration" time="20.092"/>
</testsuite> <!-- Default test -->
