<?xml version="1.0" encoding="UTF-8"?>
<testng-results ignored="0" total="6" passed="6" failed="0" skipped="0">
  <reporter-output>
  </reporter-output>
  <suite started-at="2024-01-05T15:37:07 IST" name="Default suite" finished-at="2024-01-05T15:38:43 IST" duration-ms="95817">
    <groups>
    </groups>
    <test started-at="2024-01-05T15:37:07 IST" name="Default test" finished-at="2024-01-05T15:38:43 IST" duration-ms="95817">
      <class name="com.test.apollo6_Sanity.Testing">
        <test-method is-config="true" signature="setup()[pri:0, instance:com.test.apollo6_Sanity.Testing@a530d0a]" started-at="2024-01-05T15:37:07 IST" name="setup" finished-at="2024-01-05T15:37:08 IST" duration-ms="1356" status="PASS">
          <reporter-output>
          </reporter-output>
        </test-method> <!-- setup -->
        <test-method signature="login()[pri:1, instance:com.test.apollo6_Sanity.Testing@a530d0a]" started-at="2024-01-05T15:37:08 IST" name="login" finished-at="2024-01-05T15:37:16 IST" duration-ms="7652" status="PASS">
          <reporter-output>
          </reporter-output>
        </test-method> <!-- login -->
        <test-method signature="series_set()[pri:2, instance:com.test.apollo6_Sanity.Testing@a530d0a]" started-at="2024-01-05T15:37:16 IST" name="series_set" finished-at="2024-01-05T15:37:31 IST" duration-ms="15492" status="PASS">
          <reporter-output>
          </reporter-output>
        </test-method> <!-- series_set -->
        <test-method signature="HD()[pri:3, instance:com.test.apollo6_Sanity.Testing@a530d0a]" started-at="2024-01-05T15:37:31 IST" name="HD" finished-at="2024-01-05T15:37:50 IST" duration-ms="18949" status="PASS">
          <reporter-output>
          </reporter-output>
        </test-method> <!-- HD -->
        <test-method signature="Atlas_Editor()[pri:4, instance:com.test.apollo6_Sanity.Testing@a530d0a]" started-at="2024-01-05T15:37:50 IST" name="Atlas_Editor" finished-at="2024-01-05T15:38:07 IST" duration-ms="17125" status="PASS">
          <reporter-output>
          </reporter-output>
        </test-method> <!-- Atlas_Editor -->
        <test-method signature="Cell_annotation()[pri:5, instance:com.test.apollo6_Sanity.Testing@a530d0a]" started-at="2024-01-05T15:38:07 IST" name="Cell_annotation" finished-at="2024-01-05T15:38:24 IST" duration-ms="16924" status="PASS">
          <reporter-output>
          </reporter-output>
        </test-method> <!-- Cell_annotation -->
        <test-method signature="Manual_Registration()[pri:6, instance:com.test.apollo6_Sanity.Testing@a530d0a]" started-at="2024-01-05T15:38:24 IST" name="Manual_Registration" finished-at="2024-01-05T15:38:42 IST" duration-ms="18088" status="PASS">
          <reporter-output>
          </reporter-output>
        </test-method> <!-- Manual_Registration -->
        <test-method is-config="true" signature="close()[pri:0, instance:com.test.apollo6_Sanity.Testing@a530d0a]" started-at="2024-01-05T15:38:42 IST" name="close" finished-at="2024-01-05T15:38:43 IST" duration-ms="195" status="PASS">
          <reporter-output>
          </reporter-output>
        </test-method> <!-- close -->
      </class> <!-- com.test.apollo6_Sanity.Testing -->
    </test> <!-- Default test -->
  </suite> <!-- Default suite -->
</testng-results>
